INFO [2025-04-18 22:47:06] ログディレクトリを作成し、ロガーを初期化しました (experiment_id: 250418_RNA-seq)
INFO [2025-04-18 22:47:06] ログファイルは /home/rstudio/projects/Rmd_targets_RNA-seq/logs/250418_RNA-seq/_targets.log に書き込まれます
INFO [2025-04-18 22:47:06] ターゲット開始: report_check_se (ensure_report_dir に依存)
INFO [2025-04-18 22:47:07] [RMD02_check_se] ====== モジュール実行開始: RMD02_check_se ======
INFO [2025-04-18 22:47:07] [RMD02_check_se] 入力SEオブジェクト: 12 サンプル, 62700 遺伝子
INFO [2025-04-18 22:47:07] [RMD02_check_se] データを読み込みました: raw_se
INFO [2025-04-18 22:47:07] [RMD02_check_se] SE オブジェクト概要を表示しました
INFO [2025-04-18 22:47:07] [RMD02_check_se] Assay名: counts
INFO [2025-04-18 22:47:07] [RMD02_check_se] Assayの次元: 62700行 x 12列
INFO [2025-04-18 22:47:07] [RMD02_check_se] colDataの次元: 12行 x 5列
INFO [2025-04-18 22:47:07] [RMD02_check_se] colDataの列名: cell_line, assay, target_gene, condition, replicate
INFO [2025-04-18 22:47:07] [RMD02_check_se] rowDataの次元: 62700行 x 4列
INFO [2025-04-18 22:47:07] [RMD02_check_se] rowDataの列名: ensembl_gene_id, gene_name, gene_length, gene_biotype
INFO [2025-04-18 22:47:08] [RMD02_check_se] 遺伝子タイプの分布プロットを作成し保存しました
INFO [2025-04-18 22:47:08] [RMD02_check_se] protein_coding遺伝子数: 20063 (全体の 32.00%)
INFO [2025-04-18 22:47:08] [RMD02_check_se] protein_coding遺伝子のrowDataに欠損値はありません
INFO [2025-04-18 22:47:09] [RMD02_check_se] 各サンプルのライブラリサイズ比較プロットを作成し保存しました
INFO [2025-04-18 22:47:10] [RMD02_check_se] 密度プロットを作成し保存しました
INFO [2025-04-18 22:47:11] [RMD02_check_se] メタデータを確認しました
INFO [2025-04-18 22:47:11] [RMD02_check_se] SEオブジェクトのメタデータを更新しました
INFO [2025-04-18 22:47:11] [RMD02_check_se] ====== モジュール実行完了 ======
INFO [2025-04-18 22:47:11] Rmd のレンダリングに成功しました: /home/rstudio/projects/Rmd_targets_RNA-seq/results/250418_RNA-seq/reports/RMD02_check_se.html
