[2025-04-23 14:29:42] [6] [deg_edgeR] --- セットアップ：R Markdownドキュメントを実行開始 ---
[2025-04-23 14:29:42] [6] [deg_edgeR] パラメータ情報: experiment_id = 250418_RNA-seq
[2025-04-23 14:29:42] [8] [deg_edgeR] 出力ディレクトリ: /home/rstudio/projects/Rmd_targets_RNA-seq/results/250418_RNA-seq/reports
[2025-04-23 14:29:42] [8] [deg_edgeR] プロットディレクトリ: /home/rstudio/projects/Rmd_targets_RNA-seq/results/250418_RNA-seq/plots/deg_edgeR/hct116_tab3
[2025-04-23 14:29:42] [8] [deg_edgeR] テーブルディレクトリ: /home/rstudio/projects/Rmd_targets_RNA-seq/results/250418_RNA-seq/tables/deg_edgeR/hct116_tab3
[2025-04-23 14:29:42] [8] [deg_edgeR] フィルタリング列: cell_line, target_gene
[2025-04-23 14:29:42] [8] [deg_edgeR] フィルタリング値: HCT116, TAB3
[2025-04-23 14:29:42] [8] [deg_edgeR] ターゲット遺伝子: 
[2025-04-23 14:29:42] [8] [deg_edgeR] アッセイタイプ: 
[2025-04-23 14:29:42] [8] [deg_edgeR] コントロール条件: scramble
[2025-04-23 14:29:42] [8] [deg_edgeR] ターゲット条件: sh1, sh2
[2025-04-23 14:29:42] [8] [deg_edgeR] 条件列: condition
[2025-04-23 14:29:42] [8] [deg_edgeR] ハウスキーピング遺伝子セット: standard
[2025-04-23 14:29:42] [8] [deg_edgeR] FDR閾値: 0.05
[2025-04-23 14:29:42] [8] [deg_edgeR] Log2FC閾値: 1
[2025-04-23 14:29:42] [6] [deg_edgeR] セットアップ完了
[2025-04-23 14:29:42] [6] [deg_edgeR] --- 入力データの確認開始 ---
[2025-04-23 14:29:42] [6] [deg_edgeR] 入力SEオブジェクトを確認: 62700 フィーチャー, 12 サンプル
[2025-04-23 14:29:42] [8] [deg_edgeR] 入力SEオブジェクトの基本情報:
[2025-04-23 14:29:42] [8] [deg_edgeR] - assay名: counts
[2025-04-23 14:29:42] [8] [deg_edgeR] - rowData列: ensembl_gene_id, gene_name, gene_length, gene_biotype
[2025-04-23 14:29:42] [8] [deg_edgeR] - colData列: sample_id, cell_line, assay, target_gene, condition, replicate
[2025-04-23 14:29:42] [8] [deg_edgeR] - metadata: experiment_id, pipeline_history
[2025-04-23 14:29:42] [6] [deg_edgeR] --- 入力データの確認完了 ---
[2025-04-23 14:29:42] [6] [deg_edgeR] --- サンプルフィルタリング開始 ---
[2025-04-23 14:29:42] [8] [deg_edgeR] フィルタリング条件: cell_line = HCT116, target_gene = TAB3
[2025-04-23 14:29:42] [8] [deg_edgeR] 列 'cell_line' = 'HCT116' でフィルタリング後のサンプル数: 6
[2025-04-23 14:29:42] [8] [deg_edgeR] 列 'target_gene' = 'TAB3' でフィルタリング後のサンプル数: 3
[2025-04-23 14:29:42] [6] [deg_edgeR] フィルタリング前のサンプル数: 12
[2025-04-23 14:29:42] [6] [deg_edgeR] フィルタリング後のサンプル数: 3
[2025-04-23 14:29:42] [8] [deg_edgeR] フィルタリング後のサンプル情報:
[2025-04-23 14:29:42] [8] [deg_edgeR] - HCTtb3_1: condition=sh1, replicate=1
[2025-04-23 14:29:42] [8] [deg_edgeR] - HCTtb3_2: condition=sh2, replicate=1
[2025-04-23 14:29:42] [8] [deg_edgeR] - HCTtb3_r: condition=scramble, replicate=1
[2025-04-23 14:29:42] [6] [deg_edgeR] --- サンプルフィルタリング完了 ---
[2025-04-23 14:29:42] [6] [deg_edgeR] --- レプリケート確認開始 ---
[2025-04-23 14:29:42] [8] [deg_edgeR] 条件 'sh1' のレプリケート数: 1
[2025-04-23 14:29:42] [6] [deg_edgeR] 条件 'sh1' にはレプリケートがありません
[2025-04-23 14:29:42] [8] [deg_edgeR] 条件 'sh2' のレプリケート数: 1
[2025-04-23 14:29:42] [6] [deg_edgeR] 条件 'sh2' にはレプリケートがありません
[2025-04-23 14:29:42] [8] [deg_edgeR] 条件 'scramble' のレプリケート数: 1
[2025-04-23 14:29:42] [6] [deg_edgeR] 条件 'scramble' にはレプリケートがありません
[2025-04-23 14:29:42] [6] [deg_edgeR] レプリケートの有無: なし
[2025-04-23 14:29:42] [6] [deg_edgeR] --- レプリケート確認完了 ---
[2025-04-23 14:29:42] [6] [deg_edgeR] --- DEG解析準備開始 ---
[2025-04-23 14:29:42] [6] [deg_edgeR] 標準的なハウスキーピング遺伝子セットを使用します
[2025-04-23 14:29:42] [4] [deg_edgeR] 指定されたハウスキーピング遺伝子が見つかりません
[2025-04-23 14:29:42] [6] [deg_edgeR] ハウスキーピング遺伝子の検出にgene_nameカラムも確認します
[2025-04-23 14:29:42] [6] [deg_edgeR] gene_name列から見つかったハウスキーピング遺伝子: ENSG00000112592.15, ENSG00000075624.17, ENSG00000169919.17, ENSG00000256269.11, ENSG00000111640.15, ENSG00000150991.16, ENSG00000166710.23, ENSG00000142541.18, ENSG00000165704.15
[2025-04-23 14:29:42] [6] [deg_edgeR] 見つかったハウスキーピング遺伝子: ENSG00000112592.15, ENSG00000075624.17, ENSG00000169919.17, ENSG00000256269.11, ENSG00000111640.15, ENSG00000150991.16, ENSG00000166710.23, ENSG00000142541.18, ENSG00000165704.15 (9/10)
[2025-04-23 14:29:42] [8] [deg_edgeR] サンプルグループ: sh1, sh2, scramble
[2025-04-23 14:29:42] [8] [deg_edgeR] DGEListオブジェクトを作成
[2025-04-23 14:29:42] [8] [deg_edgeR] ライブラリサイズを正規化（TMM法）
[2025-04-23 14:29:42] [6] [deg_edgeR] --- DEG解析準備完了 ---
[2025-04-23 14:29:42] [6] [deg_edgeR] --- DEG解析実行開始 ---
[2025-04-23 14:29:42] [6] [deg_edgeR] レプリケートがないため、ハウスキーピング遺伝子を使用して共通分散を推定します
[2025-04-23 14:29:42] [6] [deg_edgeR] ハウスキーピング遺伝子から推定された共通分散: 0.015247
[2025-04-23 14:29:42] [6] [deg_edgeR] DEG解析実行: sh1 vs scramble
[2025-04-23 14:29:43] [6] [deg_edgeR] DEG数 (sh1 vs scramble): 上昇=238, 減少=492
[2025-04-23 14:29:43] [6] [deg_edgeR] DEG解析実行: sh2 vs scramble
[2025-04-23 14:29:44] [6] [deg_edgeR] DEG数 (sh2 vs scramble): 上昇=653, 減少=994
[2025-04-23 14:29:44] [6] [deg_edgeR] --- DEG解析実行完了 ---
[2025-04-23 14:29:44] [6] [deg_edgeR] --- 可視化プロット作成開始 ---
[2025-04-23 14:29:44] [6] [deg_edgeR] gene_name情報を使用します
[2025-04-23 14:29:44] [8] [deg_edgeR] プロット作成: sh1_vs_scramble
[2025-04-23 14:29:44] [8] [deg_edgeR] MAプロット保存: /home/rstudio/projects/Rmd_targets_RNA-seq/results/250418_RNA-seq/plots/deg_edgeR/hct116_tab3/ma_plot_sh1_vs_scramble.png
[2025-04-23 14:29:45] [8] [deg_edgeR] Volcanoプロット保存: /home/rstudio/projects/Rmd_targets_RNA-seq/results/250418_RNA-seq/plots/deg_edgeR/hct116_tab3/volcano_plot_sh1_vs_scramble.png
[2025-04-23 14:29:47] [8] [deg_edgeR] プロット作成: sh2_vs_scramble
[2025-04-23 14:29:47] [8] [deg_edgeR] MAプロット保存: /home/rstudio/projects/Rmd_targets_RNA-seq/results/250418_RNA-seq/plots/deg_edgeR/hct116_tab3/ma_plot_sh2_vs_scramble.png
[2025-04-23 14:29:48] [8] [deg_edgeR] Volcanoプロット保存: /home/rstudio/projects/Rmd_targets_RNA-seq/results/250418_RNA-seq/plots/deg_edgeR/hct116_tab3/volcano_plot_sh2_vs_scramble.png
[2025-04-23 14:29:49] [6] [deg_edgeR] --- 可視化プロット作成完了 ---
[2025-04-23 14:29:49] [6] [deg_edgeR] --- DEG結果保存開始 ---
[2025-04-23 14:29:49] [8] [deg_edgeR] DEG結果に gene_name 列を追加しました
[2025-04-23 14:29:49] [8] [deg_edgeR] DEG結果保存: /home/rstudio/projects/Rmd_targets_RNA-seq/results/250418_RNA-seq/tables/deg_edgeR/hct116_tab3/deg_sh1_vs_scramble.csv
[2025-04-23 14:29:50] [8] [deg_edgeR] DEG結果に gene_name 列を追加しました
[2025-04-23 14:29:50] [8] [deg_edgeR] DEG結果保存: /home/rstudio/projects/Rmd_targets_RNA-seq/results/250418_RNA-seq/tables/deg_edgeR/hct116_tab3/deg_sh2_vs_scramble.csv
[2025-04-23 14:29:50] [6] [deg_edgeR] --- DEG結果保存完了 ---
[2025-04-23 14:30:02] [6] [deg_edgeR] --- パイプライン履歴記録開始 ---
[2025-04-23 14:30:02] [6] [deg_edgeR] パイプライン履歴を記録しました: pipeline_history$deg_edgeR
[2025-04-23 14:30:02] [6] [deg_edgeR] --- パイプライン履歴記録完了 ---
[2025-04-23 14:30:02] [6] [deg_edgeR] --- deg_edgeR.Rmd 実行終了、SEオブジェクトを返します ---
[2025-04-23 14:30:03] [6] [deg_edgeR] deg_edgeR.Rmd のレンダリング完了: /home/rstudio/projects/Rmd_targets_RNA-seq/results/250418_RNA-seq/reports/deg_hct116_tab3.html
[2025-04-23 14:30:03] [6] [deg_edgeR] プロット保存先: /home/rstudio/projects/Rmd_targets_RNA-seq/results/250418_RNA-seq/plots/deg_edgeR/hct116_tab3
[2025-04-23 14:30:03] [6] [deg_edgeR] テーブル保存先: /home/rstudio/projects/Rmd_targets_RNA-seq/results/250418_RNA-seq/tables/deg_edgeR/hct116_tab3
[2025-04-23 14:30:03] [6] [deg_edgeR] ターゲット完了: rmd_deg_hct116_tab3
